GROUP,PACKAGE,CLASS,INSTRUCTION_MISSED,INSTRUCTION_COVERED,BRANCH_MISSED,BRANCH_COVERED,LINE_MISSED,LINE_COVERED,COMPLEXITY_MISSED,COMPLEXITY_COVERED,METHOD_MISSED,METHOD_COVERED
LSNLS - Sistema de Gestión de Preguntas y Concursantes,com.lsnls.controller,ValidationController,527,0,18,0,111,0,18,0,9,0
LSNLS - Sistema de Gestión de Preguntas y Concursantes,com.lsnls.controller,AuthController,291,0,30,0,65,0,21,0,6,0
LSNLS - Sistema de Gestión de Preguntas y Concursantes,com.lsnls.controller,SyncController,0,11,0,0,0,2,0,2,0,2
LSNLS - Sistema de Gestión de Preguntas y Concursantes,com.lsnls.controller,CuestionarioController,1157,0,85,0,264,0,70,0,25,0
LSNLS - Sistema de Gestión de Preguntas y Concursantes,com.lsnls.controller,JornadaController,803,0,58,0,210,0,46,0,17,0
LSNLS - Sistema de Gestión de Preguntas y Concursantes,com.lsnls.controller,PreguntaController,1656,0,124,0,362,0,94,0,29,0
LSNLS - Sistema de Gestión de Preguntas y Concursantes,com.lsnls.controller,ConcursanteController,524,0,40,0,122,0,36,0,16,0
LSNLS - Sistema de Gestión de Preguntas y Concursantes,com.lsnls.controller,TematicaController,265,0,12,0,65,0,13,0,7,0
LSNLS - Sistema de Gestión de Preguntas y Concursantes,com.lsnls.controller,ProgramaController,292,0,22,0,67,0,20,0,9,0
LSNLS - Sistema de Gestión de Preguntas y Concursantes,com.lsnls.controller,ComboController,1234,0,142,0,256,0,90,0,19,0
LSNLS - Sistema de Gestión de Preguntas y Concursantes,com.lsnls.controller,TemasController,268,0,8,0,55,0,12,0,8,0
LSNLS - Sistema de Gestión de Preguntas y Concursantes,com.lsnls.controller,HistorialJornadaController,219,0,24,0,61,0,20,0,8,0
LSNLS - Sistema de Gestión de Preguntas y Concursantes,com.lsnls.controller,ConfiguracionGlobalController,73,0,0,0,18,0,5,0,5,0
LSNLS - Sistema de Gestión de Preguntas y Concursantes,com.lsnls.controller,UndoController,39,0,4,0,11,0,4,0,2,0
LSNLS - Sistema de Gestión de Preguntas y Concursantes,com.lsnls.controller,BackupController,232,0,10,0,58,0,13,0,8,0
LSNLS - Sistema de Gestión de Preguntas y Concursantes,com.lsnls.controller,UsuarioController,438,0,62,0,95,0,42,0,11,0
LSNLS - Sistema de Gestión de Preguntas y Concursantes,com.lsnls.controller,EditLockController,0,50,0,0,0,10,0,5,0,5
LSNLS - Sistema de Gestión de Preguntas y Concursantes,com.lsnls.service,AuditService,427,0,26,0,136,0,39,0,26,0
LSNLS - Sistema de Gestión de Preguntas y Concursantes,com.lsnls.service,TematicaService,13,282,7,23,3,66,7,22,0,14
LSNLS - Sistema de Gestión de Preguntas y Concursantes,com.lsnls.service,ConfiguracionGlobalService,0,82,0,8,0,18,0,10,0,6
LSNLS - Sistema de Gestión de Preguntas y Concursantes,com.lsnls.service,ExcelExportService,627,1443,108,48,157,316,69,31,6,16
LSNLS - Sistema de Gestión de Preguntas y Concursantes,com.lsnls.service,SessionValidationService,85,473,22,44,22,111,18,38,0,23
LSNLS - Sistema de Gestión de Preguntas y Concursantes,com.lsnls.service,SyncService,6,307,6,48,1,57,6,32,0,6
LSNLS - Sistema de Gestión de Preguntas y Concursantes,com.lsnls.service,DataTransformationService,0,180,6,40,0,43,6,24,0,7
LSNLS - Sistema de Gestión de Preguntas y Concursantes,com.lsnls.service,TemasCatalogService,47,170,6,12,6,43,6,13,0,10
LSNLS - Sistema de Gestión de Preguntas y Concursantes,com.lsnls.service,UndoService,995,0,108,0,195,0,78,0,24,0
LSNLS - Sistema de Gestión de Preguntas y Concursantes,com.lsnls.service,BackupService.DatabaseConfig,18,0,0,0,7,0,1,0,1,0
LSNLS - Sistema de Gestión de Preguntas y Concursantes,com.lsnls.service,UsuarioService,287,0,28,0,67,0,23,0,9,0
LSNLS - Sistema de Gestión de Preguntas y Concursantes,com.lsnls.service,CuestionarioService,2749,0,307,0,606,0,205,0,50,0
LSNLS - Sistema de Gestión de Preguntas y Concursantes,com.lsnls.service,ValidationService.ValidationResult,0,50,0,0,0,15,0,8,0,8
LSNLS - Sistema de Gestión de Preguntas y Concursantes,com.lsnls.service,DataTransformationService.ValidationResult,0,33,0,0,0,9,0,5,0,5
LSNLS - Sistema de Gestión de Preguntas y Concursantes,com.lsnls.service,SessionValidationService.SessionValidationResult,0,35,0,0,0,10,0,6,0,6
LSNLS - Sistema de Gestión de Preguntas y Concursantes,com.lsnls.service,EditLockService,0,486,1,32,0,114,1,39,0,21
LSNLS - Sistema de Gestión de Preguntas y Concursantes,com.lsnls.service,ValidationService,0,717,24,140,0,163,24,66,0,8
LSNLS - Sistema de Gestión de Preguntas y Concursantes,com.lsnls.service,AuthorizationService,57,641,47,150,9,144,37,100,0,32
LSNLS - Sistema de Gestión de Preguntas y Concursantes,com.lsnls.service,JornadaService,3456,0,358,0,733,0,235,0,56,0
LSNLS - Sistema de Gestión de Preguntas y Concursantes,com.lsnls.service,HistorialJornadaService,45,535,8,42,6,114,7,27,0,9
LSNLS - Sistema de Gestión de Preguntas y Concursantes,com.lsnls.service,JwtService,0,105,1,3,0,26,1,12,0,11
LSNLS - Sistema de Gestión de Preguntas y Concursantes,com.lsnls.service,BackupService.BackupInfo,0,69,0,4,0,13,0,8,0,6
LSNLS - Sistema de Gestión de Preguntas y Concursantes,com.lsnls.service,UserDetailsServiceImpl,50,0,2,0,13,0,5,0,4,0
LSNLS - Sistema de Gestión de Preguntas y Concursantes,com.lsnls.service,ComboService,2946,0,396,0,622,0,241,0,43,0
LSNLS - Sistema de Gestión de Preguntas y Concursantes,com.lsnls.service,BackupService,691,7,32,0,157,2,28,1,12,1
LSNLS - Sistema de Gestión de Preguntas y Concursantes,com.lsnls.service,AuthService,230,0,10,0,54,0,13,0,8,0
LSNLS - Sistema de Gestión de Preguntas y Concursantes,com.lsnls.service,ConcursanteService,1035,1151,160,129,167,275,132,73,26,29
LSNLS - Sistema de Gestión de Preguntas y Concursantes,com.lsnls.service,ProgramaService,4,721,11,67,0,181,11,53,0,21
LSNLS - Sistema de Gestión de Preguntas y Concursantes,com.lsnls.service,PreguntaService,2834,0,366,0,616,0,252,0,69,0
LSNLS - Sistema de Gestión de Preguntas y Concursantes,com.lsnls.service,SessionValidationService.SecurityLevel,0,44,0,0,0,5,0,1,0,1
LSNLS - Sistema de Gestión de Preguntas y Concursantes,com.lsnls.dto,ApiResponse,0,21,0,0,0,3,0,3,0,3
LSNLS - Sistema de Gestión de Preguntas y Concursantes,com.lsnls.dto,CrearCuestionarioDTO.PreguntaMultiplicadoraDTO,0,17,0,0,0,5,0,5,0,5
LSNLS - Sistema de Gestión de Preguntas y Concursantes,com.lsnls.dto,MarcarNoUsadoDTO,0,31,0,0,0,9,0,9,0,9
LSNLS - Sistema de Gestión de Preguntas y Concursantes,com.lsnls.dto,HistorialJornadaDTO,15,65,0,0,5,18,5,18,5,18
LSNLS - Sistema de Gestión de Preguntas y Concursantes,com.lsnls.dto,ReaprovecharComboDTO,14,31,0,0,4,9,4,9,4,9
LSNLS - Sistema de Gestión de Preguntas y Concursantes,com.lsnls.dto,CrearCuestionarioDTO,0,61,0,11,0,23,0,20,0,12
LSNLS - Sistema de Gestión de Preguntas y Concursantes,com.lsnls.dto,PreguntaCreateDTO,0,3,0,0,0,1,0,1,0,1
LSNLS - Sistema de Gestión de Preguntas y Concursantes,com.lsnls.dto,ErrorResponse,0,9,0,0,0,4,0,1,0,1
LSNLS - Sistema de Gestión de Preguntas y Concursantes,com.lsnls.dto,CrearComboDTO,14,34,4,0,7,14,5,10,2,10
LSNLS - Sistema de Gestión de Preguntas y Concursantes,com.lsnls.dto,AuthResponse,0,21,0,0,0,7,0,1,0,1
LSNLS - Sistema de Gestión de Preguntas y Concursantes,com.lsnls.dto,CrearComboDTO.PreguntaMultiplicadoraDTO,0,17,0,0,0,5,0,5,0,5
LSNLS - Sistema de Gestión de Preguntas y Concursantes,com.lsnls.validation,NoSpecialCharactersValidator,0,34,0,6,0,11,0,7,0,4
LSNLS - Sistema de Gestión de Preguntas y Concursantes,com.lsnls.validation,NoLineBreaksValidator,0,20,0,6,0,5,0,6,0,3
LSNLS - Sistema de Gestión de Preguntas y Concursantes,com.lsnls.validation,UpperCaseValidator,0,17,0,4,0,5,0,5,0,3
LSNLS - Sistema de Gestión de Preguntas y Concursantes,com.lsnls.entity,PreguntaCombo.PreguntaComboId,0,53,3,11,0,6,3,6,0,2
LSNLS - Sistema de Gestión de Preguntas y Concursantes,com.lsnls.entity,AuditLog.EntityType,0,94,0,0,0,10,0,1,0,1
LSNLS - Sistema de Gestión de Preguntas y Concursantes,com.lsnls.entity,Cuestionario.NivelCuestionario,3,100,0,0,1,6,1,2,1,2
LSNLS - Sistema de Gestión de Preguntas y Concursantes,com.lsnls.entity,Pregunta,4,0,0,0,2,0,1,0,1,0
LSNLS - Sistema de Gestión de Preguntas y Concursantes,com.lsnls.entity,EstadoConcursante,0,54,0,0,0,6,0,1,0,1
LSNLS - Sistema de Gestión de Preguntas y Concursantes,com.lsnls.entity,Pregunta.EstadoPregunta,0,94,0,0,0,2,0,1,0,1
LSNLS - Sistema de Gestión de Preguntas y Concursantes,com.lsnls.entity,AuditLog.OperationType,0,134,0,0,0,14,0,1,0,1
LSNLS - Sistema de Gestión de Preguntas y Concursantes,com.lsnls.entity,Cuestionario.EstadoCuestionario,0,64,0,0,0,2,0,1,0,1
LSNLS - Sistema de Gestión de Preguntas y Concursantes,com.lsnls.entity,JornadaCuestionarioAsignacion.Id,33,14,10,0,5,1,6,1,1,1
LSNLS - Sistema de Gestión de Preguntas y Concursantes,com.lsnls.entity,PreguntaCuestionario.PreguntaCuestionarioId,0,56,3,11,0,7,3,7,0,3
LSNLS - Sistema de Gestión de Preguntas y Concursantes,com.lsnls.entity,JornadaComboAsignacion.Id,33,14,10,0,5,1,6,1,1,1
LSNLS - Sistema de Gestión de Preguntas y Concursantes,com.lsnls.entity,Tematica,7,12,2,0,3,5,2,1,1,1
LSNLS - Sistema de Gestión de Preguntas y Concursantes,com.lsnls.entity,AuditLog.OperationResult,0,44,0,0,0,5,0,1,0,1
LSNLS - Sistema de Gestión de Preguntas y Concursantes,com.lsnls.entity,Combo.NivelCombo,0,34,0,0,0,2,0,1,0,1
LSNLS - Sistema de Gestión de Preguntas y Concursantes,com.lsnls.entity,JornadaCuestionarioAsignacion,31,34,11,1,4,9,7,2,1,2
LSNLS - Sistema de Gestión de Preguntas y Concursantes,com.lsnls.entity,Usuario.RolUsuario,0,57,0,0,0,3,0,2,0,2
LSNLS - Sistema de Gestión de Preguntas y Concursantes,com.lsnls.entity,Jornada,72,250,26,34,22,52,25,14,3,6
LSNLS - Sistema de Gestión de Preguntas y Concursantes,com.lsnls.entity,JornadaComboAsignacion,31,34,11,1,4,9,7,2,1,2
LSNLS - Sistema de Gestión de Preguntas y Concursantes,com.lsnls.entity,HistorialJornada.TipoAsignacion,0,24,0,0,0,2,0,1,0,1
LSNLS - Sistema de Gestión de Preguntas y Concursantes,com.lsnls.entity,AuditLog,0,53,0,2,0,16,0,3,0,2
LSNLS - Sistema de Gestión de Preguntas y Concursantes,com.lsnls.entity,TematicaPregunta,7,0,2,0,3,0,2,0,1,0
LSNLS - Sistema de Gestión de Preguntas y Concursantes,com.lsnls.entity,Cuestionario,9,34,5,7,2,5,6,3,1,2
LSNLS - Sistema de Gestión de Preguntas y Concursantes,com.lsnls.entity,TematicaCombo,7,0,2,0,3,0,2,0,1,0
LSNLS - Sistema de Gestión de Preguntas y Concursantes,com.lsnls.entity,Jornada.EstadoJornada,0,54,0,0,0,2,0,1,0,1
LSNLS - Sistema de Gestión de Preguntas y Concursantes,com.lsnls.entity,PreguntaCuestionario,4,35,4,8,0,5,4,4,0,2
LSNLS - Sistema de Gestión de Preguntas y Concursantes,com.lsnls.entity,HistorialJornada.EstadoAsignacion,0,44,0,0,0,2,0,1,0,1
LSNLS - Sistema de Gestión de Preguntas y Concursantes,com.lsnls.entity,Combo.TipoCombo,0,44,0,0,0,5,0,1,0,1
LSNLS - Sistema de Gestión de Preguntas y Concursantes,com.lsnls.entity,ConfiguracionGlobal,0,12,0,0,0,5,0,1,0,1
LSNLS - Sistema de Gestión de Preguntas y Concursantes,com.lsnls.entity,SubtemaPregunta,7,0,2,0,3,0,2,0,1,0
LSNLS - Sistema de Gestión de Preguntas y Concursantes,com.lsnls.entity,Combo.EstadoCombo,0,84,0,0,0,2,0,1,0,1
LSNLS - Sistema de Gestión de Preguntas y Concursantes,com.lsnls.entity,Pregunta.FactorPregunta,0,34,0,0,0,2,0,1,0,1
LSNLS - Sistema de Gestión de Preguntas y Concursantes,com.lsnls.entity,PreguntaCombo,0,39,2,10,0,5,2,6,0,2
LSNLS - Sistema de Gestión de Preguntas y Concursantes,com.lsnls.entity,Programa.EstadoPrograma,0,54,0,0,0,2,0,1,0,1
LSNLS - Sistema de Gestión de Preguntas y Concursantes,com.lsnls.entity,Pregunta.EstadoDisponibilidad,0,44,0,0,0,2,0,1,0,1
LSNLS - Sistema de Gestión de Preguntas y Concursantes,com.lsnls.entity,Programa,0,25,0,6,0,9,0,4,0,1
LSNLS - Sistema de Gestión de Preguntas y Concursantes,com.lsnls.entity,Combo,26,13,10,2,3,2,6,2,0,2
LSNLS - Sistema de Gestión de Preguntas y Concursantes,com.lsnls.entity,Pregunta.NivelPregunta,0,74,0,0,0,2,0,1,0,1
LSNLS - Sistema de Gestión de Preguntas y Concursantes,com.lsnls.entity,EditLock,0,12,0,4,0,1,0,3,0,1
LSNLS - Sistema de Gestión de Preguntas y Concursantes,com.lsnls.entity,HistorialJornada,4,0,0,0,2,0,1,0,1,0
LSNLS - Sistema de Gestión de Preguntas y Concursantes,com.lsnls,LsnlsApplication,8,0,0,0,3,0,2,0,2,0
LSNLS - Sistema de Gestión de Preguntas y Concursantes,com.lsnls.config,CompatiblePasswordEncoder,61,0,18,0,12,0,14,0,5,0
LSNLS - Sistema de Gestión de Preguntas y Concursantes,com.lsnls.config,DatabaseMigrationRunner,336,0,38,0,86,0,24,0,5,0
LSNLS - Sistema de Gestión de Preguntas y Concursantes,com.lsnls.config,EstadoCuestionarioConverter,0,10,0,0,0,4,0,2,0,2
LSNLS - Sistema de Gestión de Preguntas y Concursantes,com.lsnls.config,JacksonConfig,0,42,0,0,0,11,0,3,0,3
LSNLS - Sistema de Gestión de Preguntas y Concursantes,com.lsnls.config,GlobalExceptionHandler,140,0,4,0,30,0,18,0,16,0
LSNLS - Sistema de Gestión de Preguntas y Concursantes,com.lsnls.config,CacheConfig,0,49,0,0,0,13,0,2,0,2
LSNLS - Sistema de Gestión de Preguntas y Concursantes,com.lsnls.config,TransicionesEstado,59,0,10,0,21,0,7,0,2,0
LSNLS - Sistema de Gestión de Preguntas y Concursantes,com.lsnls.config,SecurityConfig,204,0,0,0,56,0,11,0,11,0
LSNLS - Sistema de Gestión de Preguntas y Concursantes,com.lsnls.config,DataSourceDiagnostics,149,0,8,0,24,0,7,0,3,0
LSNLS - Sistema de Gestión de Preguntas y Concursantes,com.lsnls.config,SlotsJornada,130,0,28,0,27,0,16,0,2,0
LSNLS - Sistema de Gestión de Preguntas y Concursantes,com.lsnls.config,EncodingConfig,0,34,0,0,0,11,0,3,0,3
LSNLS - Sistema de Gestión de Preguntas y Concursantes,com.lsnls.config,JwtAuthenticationFilter,324,0,42,0,81,0,25,0,4,0
LSNLS - Sistema de Gestión de Preguntas y Concursantes,com.lsnls.config,MensajesUsuario,279,0,102,0,75,0,63,0,12,0
LSNLS - Sistema de Gestión de Preguntas y Concursantes,com.lsnls.config,ErrorResponseAdvice,175,0,30,0,41,0,20,0,5,0
LSNLS - Sistema de Gestión de Preguntas y Concursantes,com.lsnls.config,UndoHeaderAdvice,0,22,0,2,0,7,0,4,0,3
LSNLS - Sistema de Gestión de Preguntas y Concursantes,com.lsnls.config,WebConfig,0,77,0,0,0,20,0,5,0,5
LSNLS - Sistema de Gestión de Preguntas y Concursantes,com.lsnls.config,AsyncConfig,0,127,0,0,0,41,0,5,0,5
