GROUP,PACKAGE,CLASS,INSTRUCTION_MISSED,INSTRUCTION_COVERED,BRANCH_MISSED,BRANCH_COVERED,LINE_MISSED,LINE_COVERED,COMPLEXITY_MISSED,COMPLEXITY_COVERED,METHOD_MISSED,METHOD_COVERED
LSNLS - Sistema de Gestión de Preguntas y Concursantes,com.lsnls.controller,ValidationController,518,0,18,0,109,0,18,0,9,0
LSNLS - Sistema de Gestión de Preguntas y Concursantes,com.lsnls.controller,AuthController,291,0,30,0,65,0,21,0,6,0
LSNLS - Sistema de Gestión de Preguntas y Concursantes,com.lsnls.controller,SyncController,11,0,0,0,2,0,2,0,2,0
LSNLS - Sistema de Gestión de Preguntas y Concursantes,com.lsnls.controller,CuestionarioController,1515,0,109,0,333,0,87,0,30,0
LSNLS - Sistema de Gestión de Preguntas y Concursantes,com.lsnls.controller,JornadaController,775,0,58,0,201,0,46,0,17,0
LSNLS - Sistema de Gestión de Preguntas y Concursantes,com.lsnls.controller,PreguntaController,1841,0,132,0,396,0,101,0,32,0
LSNLS - Sistema de Gestión de Preguntas y Concursantes,com.lsnls.controller,ConcursanteController,508,0,40,0,122,0,36,0,16,0
LSNLS - Sistema de Gestión de Preguntas y Concursantes,com.lsnls.controller,TematicaController,262,0,12,0,65,0,13,0,7,0
LSNLS - Sistema de Gestión de Preguntas y Concursantes,com.lsnls.controller,ProgramaController,278,0,22,0,67,0,20,0,9,0
LSNLS - Sistema de Gestión de Preguntas y Concursantes,com.lsnls.controller,ComboController,1218,0,142,0,254,0,90,0,19,0
LSNLS - Sistema de Gestión de Preguntas y Concursantes,com.lsnls.controller,TemasController,261,0,8,0,55,0,12,0,8,0
LSNLS - Sistema de Gestión de Preguntas y Concursantes,com.lsnls.controller,HistorialJornadaController,211,0,24,0,58,0,20,0,8,0
LSNLS - Sistema de Gestión de Preguntas y Concursantes,com.lsnls.controller,ConfiguracionGlobalController,71,0,0,0,18,0,5,0,5,0
LSNLS - Sistema de Gestión de Preguntas y Concursantes,com.lsnls.controller,UndoController,38,0,4,0,11,0,4,0,2,0
LSNLS - Sistema de Gestión de Preguntas y Concursantes,com.lsnls.controller,BackupController,227,0,10,0,51,0,13,0,8,0
LSNLS - Sistema de Gestión de Preguntas y Concursantes,com.lsnls.controller,UsuarioController,429,0,62,0,95,0,42,0,11,0
LSNLS - Sistema de Gestión de Preguntas y Concursantes,com.lsnls.controller,EditLockController,50,0,0,0,10,0,5,0,5,0
LSNLS - Sistema de Gestión de Preguntas y Concursantes,com.lsnls.service,AuditService,421,0,26,0,104,0,38,0,25,0
LSNLS - Sistema de Gestión de Preguntas y Concursantes,com.lsnls.service,TimeoutOperationService.OperationType,81,0,0,0,11,0,3,0,3,0
LSNLS - Sistema de Gestión de Preguntas y Concursantes,com.lsnls.service,TematicaService,295,0,30,0,68,0,29,0,14,0
LSNLS - Sistema de Gestión de Preguntas y Concursantes,com.lsnls.service,ConfiguracionGlobalService,82,0,8,0,18,0,10,0,6,0
LSNLS - Sistema de Gestión de Preguntas y Concursantes,com.lsnls.service,ExcelExportService,2060,0,156,0,463,0,99,0,21,0
LSNLS - Sistema de Gestión de Preguntas y Concursantes,com.lsnls.service,SessionValidationService,558,0,66,0,131,0,56,0,23,0
LSNLS - Sistema de Gestión de Preguntas y Concursantes,com.lsnls.service,TimeoutOperationService.TimeoutResult,51,0,0,0,13,0,8,0,8,0
LSNLS - Sistema de Gestión de Preguntas y Concursantes,com.lsnls.service,SyncService,304,0,54,0,56,0,38,0,6,0
LSNLS - Sistema de Gestión de Preguntas y Concursantes,com.lsnls.service,DataTransformationService,180,0,46,0,41,0,30,0,7,0
LSNLS - Sistema de Gestión de Preguntas y Concursantes,com.lsnls.service,TemasCatalogService,217,0,18,0,49,0,19,0,10,0
LSNLS - Sistema de Gestión de Preguntas y Concursantes,com.lsnls.service,RateLimitingService.RequestCounter,58,0,4,0,15,0,6,0,4,0
LSNLS - Sistema de Gestión de Preguntas y Concursantes,com.lsnls.service,UndoService,872,119,108,0,174,14,75,3,21,3
LSNLS - Sistema de Gestión de Preguntas y Concursantes,com.lsnls.service,BackupService.DatabaseConfig,18,0,0,0,7,0,1,0,1,0
LSNLS - Sistema de Gestión de Preguntas y Concursantes,com.lsnls.service,UsuarioService,266,0,26,0,61,0,22,0,9,0
LSNLS - Sistema de Gestión de Preguntas y Concursantes,com.lsnls.service,CuestionarioService,2760,0,317,0,611,0,209,0,49,0
LSNLS - Sistema de Gestión de Preguntas y Concursantes,com.lsnls.service,ValidationService.ValidationResult,50,0,0,0,15,0,8,0,8,0
LSNLS - Sistema de Gestión de Preguntas y Concursantes,com.lsnls.service,DataTransformationService.ValidationResult,33,0,0,0,9,0,5,0,5,0
LSNLS - Sistema de Gestión de Preguntas y Concursantes,com.lsnls.service,SessionValidationService.SessionValidationResult,35,0,0,0,10,0,6,0,6,0
LSNLS - Sistema de Gestión de Preguntas y Concursantes,com.lsnls.service,TimeoutOperationService,215,0,16,0,61,0,25,0,17,0
LSNLS - Sistema de Gestión de Preguntas y Concursantes,com.lsnls.service,EditLockService,483,0,33,0,106,0,40,0,21,0
LSNLS - Sistema de Gestión de Preguntas y Concursantes,com.lsnls.service,ValidationService,708,0,164,0,161,0,90,0,8,0
LSNLS - Sistema de Gestión de Preguntas y Concursantes,com.lsnls.service,RateLimitingService.RateLimit,9,0,0,0,4,0,1,0,1,0
LSNLS - Sistema de Gestión de Preguntas y Concursantes,com.lsnls.service,AuthorizationService,57,641,47,150,9,144,37,100,0,32
LSNLS - Sistema de Gestión de Preguntas y Concursantes,com.lsnls.service,JornadaService,3413,0,350,0,732,0,230,0,55,0
LSNLS - Sistema de Gestión de Preguntas y Concursantes,com.lsnls.service,HistorialJornadaService,578,0,50,0,126,0,34,0,9,0
LSNLS - Sistema de Gestión de Preguntas y Concursantes,com.lsnls.service,JwtService,105,0,4,0,26,0,13,0,11,0
LSNLS - Sistema de Gestión de Preguntas y Concursantes,com.lsnls.service,BackupService.BackupInfo,69,0,4,0,13,0,8,0,6,0
LSNLS - Sistema de Gestión de Preguntas y Concursantes,com.lsnls.service,UserDetailsServiceImpl,77,0,4,0,15,0,6,0,4,0
LSNLS - Sistema de Gestión de Preguntas y Concursantes,com.lsnls.service,ComboService,2989,0,406,0,629,0,245,0,42,0
LSNLS - Sistema de Gestión de Preguntas y Concursantes,com.lsnls.service,BackupService,698,0,32,0,139,0,29,0,13,0
LSNLS - Sistema de Gestión de Preguntas y Concursantes,com.lsnls.service,AuthService,379,4,24,0,79,1,19,1,7,1
LSNLS - Sistema de Gestión de Preguntas y Concursantes,com.lsnls.service,ConcursanteService,1035,1151,160,129,167,275,132,73,26,29
LSNLS - Sistema de Gestión de Preguntas y Concursantes,com.lsnls.service,RateLimitingService.RateLimitResult,43,0,0,0,12,0,7,0,7,0
LSNLS - Sistema de Gestión de Preguntas y Concursantes,com.lsnls.service,RateLimitingService,463,0,24,0,84,0,38,0,26,0
LSNLS - Sistema de Gestión de Preguntas y Concursantes,com.lsnls.service,ProgramaService,722,0,78,0,182,0,64,0,21,0
LSNLS - Sistema de Gestión de Preguntas y Concursantes,com.lsnls.service,PreguntaService,2809,0,366,0,585,0,252,0,69,0
LSNLS - Sistema de Gestión de Preguntas y Concursantes,com.lsnls.service,SessionValidationService.SecurityLevel,44,0,0,0,5,0,1,0,1,0
LSNLS - Sistema de Gestión de Preguntas y Concursantes,com.lsnls.dto,ApiResponse,21,0,0,0,3,0,3,0,3,0
LSNLS - Sistema de Gestión de Preguntas y Concursantes,com.lsnls.dto,CrearCuestionarioDTO.PreguntaMultiplicadoraDTO,17,0,0,0,5,0,5,0,5,0
LSNLS - Sistema de Gestión de Preguntas y Concursantes,com.lsnls.dto,MarcarNoUsadoDTO,31,0,0,0,9,0,9,0,9,0
LSNLS - Sistema de Gestión de Preguntas y Concursantes,com.lsnls.dto,HistorialJornadaDTO,80,0,0,0,23,0,23,0,23,0
LSNLS - Sistema de Gestión de Preguntas y Concursantes,com.lsnls.dto,ReaprovecharComboDTO,45,0,0,0,13,0,13,0,13,0
LSNLS - Sistema de Gestión de Preguntas y Concursantes,com.lsnls.dto,CrearCuestionarioDTO,61,0,11,0,22,0,20,0,12,0
LSNLS - Sistema de Gestión de Preguntas y Concursantes,com.lsnls.dto,PreguntaCreateDTO,3,0,0,0,1,0,1,0,1,0
LSNLS - Sistema de Gestión de Preguntas y Concursantes,com.lsnls.dto,ErrorResponse,9,0,0,0,4,0,1,0,1,0
LSNLS - Sistema de Gestión de Preguntas y Concursantes,com.lsnls.dto,CrearComboDTO,48,0,4,0,21,0,15,0,12,0
LSNLS - Sistema de Gestión de Preguntas y Concursantes,com.lsnls.dto,AuthResponse,21,0,0,0,7,0,1,0,1,0
LSNLS - Sistema de Gestión de Preguntas y Concursantes,com.lsnls.dto,CrearComboDTO.PreguntaMultiplicadoraDTO,17,0,0,0,5,0,5,0,5,0
LSNLS - Sistema de Gestión de Preguntas y Concursantes,com.lsnls.validation,NoSpecialCharactersValidator,34,0,6,0,11,0,7,0,4,0
LSNLS - Sistema de Gestión de Preguntas y Concursantes,com.lsnls.validation,NoLineBreaksValidator,20,0,6,0,5,0,6,0,3,0
LSNLS - Sistema de Gestión de Preguntas y Concursantes,com.lsnls.validation,UpperCaseValidator,17,0,4,0,5,0,5,0,3,0
LSNLS - Sistema de Gestión de Preguntas y Concursantes,com.lsnls.entity,PreguntaCombo.PreguntaComboId,53,0,14,0,6,0,9,0,2,0
LSNLS - Sistema de Gestión de Preguntas y Concursantes,com.lsnls.entity,AuditLog.EntityType,94,0,0,0,10,0,1,0,1,0
LSNLS - Sistema de Gestión de Preguntas y Concursantes,com.lsnls.entity,Cuestionario.NivelCuestionario,103,0,0,0,7,0,3,0,3,0
LSNLS - Sistema de Gestión de Preguntas y Concursantes,com.lsnls.entity,Pregunta,4,0,0,0,2,0,1,0,1,0
LSNLS - Sistema de Gestión de Preguntas y Concursantes,com.lsnls.entity,EstadoConcursante,0,54,0,0,0,6,0,1,0,1
LSNLS - Sistema de Gestión de Preguntas y Concursantes,com.lsnls.entity,Pregunta.EstadoPregunta,0,94,0,0,0,2,0,1,0,1
LSNLS - Sistema de Gestión de Preguntas y Concursantes,com.lsnls.entity,AuditLog.OperationType,134,0,0,0,14,0,1,0,1,0
LSNLS - Sistema de Gestión de Preguntas y Concursantes,com.lsnls.entity,Cuestionario.EstadoCuestionario,0,64,0,0,0,2,0,1,0,1
LSNLS - Sistema de Gestión de Preguntas y Concursantes,com.lsnls.entity,PreguntaCuestionario.PreguntaCuestionarioId,56,0,14,0,7,0,10,0,3,0
LSNLS - Sistema de Gestión de Preguntas y Concursantes,com.lsnls.entity,Tematica,19,0,2,0,8,0,3,0,2,0
LSNLS - Sistema de Gestión de Preguntas y Concursantes,com.lsnls.entity,AuditLog.OperationResult,44,0,0,0,5,0,1,0,1,0
LSNLS - Sistema de Gestión de Preguntas y Concursantes,com.lsnls.entity,Combo.NivelCombo,34,0,0,0,2,0,1,0,1,0
LSNLS - Sistema de Gestión de Preguntas y Concursantes,com.lsnls.entity,Usuario.RolUsuario,3,54,0,0,1,2,1,1,1,1
LSNLS - Sistema de Gestión de Preguntas y Concursantes,com.lsnls.entity,Jornada,4,0,0,0,2,0,1,0,1,0
LSNLS - Sistema de Gestión de Preguntas y Concursantes,com.lsnls.entity,HistorialJornada.TipoAsignacion,24,0,0,0,2,0,1,0,1,0
LSNLS - Sistema de Gestión de Preguntas y Concursantes,com.lsnls.entity,AuditLog,53,0,2,0,16,0,3,0,2,0
LSNLS - Sistema de Gestión de Preguntas y Concursantes,com.lsnls.entity,TematicaPregunta,7,0,2,0,3,0,2,0,1,0
LSNLS - Sistema de Gestión de Preguntas y Concursantes,com.lsnls.entity,Cuestionario,19,24,7,5,3,4,8,1,2,1
LSNLS - Sistema de Gestión de Preguntas y Concursantes,com.lsnls.entity,TematicaCombo,7,0,2,0,3,0,2,0,1,0
LSNLS - Sistema de Gestión de Preguntas y Concursantes,com.lsnls.entity,Jornada.EstadoJornada,0,54,0,0,0,2,0,1,0,1
LSNLS - Sistema de Gestión de Preguntas y Concursantes,com.lsnls.entity,PreguntaCuestionario,39,0,12,0,5,0,8,0,2,0
LSNLS - Sistema de Gestión de Preguntas y Concursantes,com.lsnls.entity,HistorialJornada.EstadoAsignacion,44,0,0,0,2,0,1,0,1,0
LSNLS - Sistema de Gestión de Preguntas y Concursantes,com.lsnls.entity,Combo.TipoCombo,44,0,0,0,5,0,1,0,1,0
LSNLS - Sistema de Gestión de Preguntas y Concursantes,com.lsnls.entity,ConfiguracionGlobal,12,0,0,0,5,0,1,0,1,0
LSNLS - Sistema de Gestión de Preguntas y Concursantes,com.lsnls.entity,SubtemaPregunta,7,0,2,0,3,0,2,0,1,0
LSNLS - Sistema de Gestión de Preguntas y Concursantes,com.lsnls.entity,Combo.EstadoCombo,0,84,0,0,0,2,0,1,0,1
LSNLS - Sistema de Gestión de Preguntas y Concursantes,com.lsnls.entity,Pregunta.FactorPregunta,34,0,0,0,2,0,1,0,1,0
LSNLS - Sistema de Gestión de Preguntas y Concursantes,com.lsnls.entity,PreguntaCombo,39,0,12,0,5,0,8,0,2,0
LSNLS - Sistema de Gestión de Preguntas y Concursantes,com.lsnls.entity,Programa.EstadoPrograma,0,54,0,0,0,2,0,1,0,1
LSNLS - Sistema de Gestión de Preguntas y Concursantes,com.lsnls.entity,Pregunta.EstadoDisponibilidad,44,0,0,0,2,0,1,0,1,0
LSNLS - Sistema de Gestión de Preguntas y Concursantes,com.lsnls.entity,Programa,25,0,6,0,8,0,4,0,1,0
LSNLS - Sistema de Gestión de Preguntas y Concursantes,com.lsnls.entity,Combo,39,0,12,0,5,0,8,0,2,0
LSNLS - Sistema de Gestión de Preguntas y Concursantes,com.lsnls.entity,Pregunta.NivelPregunta,74,0,0,0,2,0,1,0,1,0
LSNLS - Sistema de Gestión de Preguntas y Concursantes,com.lsnls.entity,EditLock,12,0,4,0,1,0,3,0,1,0
LSNLS - Sistema de Gestión de Preguntas y Concursantes,com.lsnls.entity,HistorialJornada,4,0,0,0,2,0,1,0,1,0
LSNLS - Sistema de Gestión de Preguntas y Concursantes,com.lsnls,LsnlsApplication,8,0,0,0,3,0,2,0,2,0
LSNLS - Sistema de Gestión de Preguntas y Concursantes,com.lsnls.config,DatabaseMigrationRunner,213,0,30,0,59,0,19,0,4,0
LSNLS - Sistema de Gestión de Preguntas y Concursantes,com.lsnls.config,EstadoCuestionarioConverter,10,0,0,0,4,0,2,0,2,0
LSNLS - Sistema de Gestión de Preguntas y Concursantes,com.lsnls.config,JacksonConfig,42,0,0,0,10,0,3,0,3,0
LSNLS - Sistema de Gestión de Preguntas y Concursantes,com.lsnls.config,GlobalExceptionHandler,140,0,4,0,28,0,18,0,16,0
LSNLS - Sistema de Gestión de Preguntas y Concursantes,com.lsnls.config,CacheConfig,49,0,0,0,5,0,2,0,2,0
LSNLS - Sistema de Gestión de Preguntas y Concursantes,com.lsnls.config,SecurityConfig,200,0,0,0,40,0,11,0,11,0
LSNLS - Sistema de Gestión de Preguntas y Concursantes,com.lsnls.config,DataSourceDiagnostics,135,0,8,0,24,0,7,0,3,0
LSNLS - Sistema de Gestión de Preguntas y Concursantes,com.lsnls.config,EncodingConfig,34,0,0,0,11,0,3,0,3,0
LSNLS - Sistema de Gestión de Preguntas y Concursantes,com.lsnls.config,JwtAuthenticationFilter,320,0,40,0,80,0,24,0,4,0
LSNLS - Sistema de Gestión de Preguntas y Concursantes,com.lsnls.config,MensajesUsuario,279,0,102,0,72,0,63,0,12,0
LSNLS - Sistema de Gestión de Preguntas y Concursantes,com.lsnls.config,ErrorResponseAdvice,175,0,30,0,40,0,20,0,5,0
LSNLS - Sistema de Gestión de Preguntas y Concursantes,com.lsnls.config,UndoHeaderAdvice,22,0,2,0,7,0,4,0,3,0
LSNLS - Sistema de Gestión de Preguntas y Concursantes,com.lsnls.config,WebConfig,77,0,0,0,19,0,5,0,5,0
LSNLS - Sistema de Gestión de Preguntas y Concursantes,com.lsnls.config,AsyncConfig,127,0,0,0,41,0,5,0,5,0
