<?xml version="1.0" encoding="UTF-8"?>
<testsuite xmlns:xsi="http://www.w3.org/2001/XMLSchema-instance" xsi:noNamespaceSchemaLocation="https://maven.apache.org/surefire/maven-surefire-plugin/xsd/surefire-test-report-3.0.xsd" version="3.0" name="com.lsnls.security.ApiAuthSecurityTest" time="4.259" tests="4" errors="0" skipped="0" failures="0">
  <properties>
[...]
</properties>
  <testcase name="loginSinToken_llegaAlControlador" classname="com.lsnls.security.ApiAuthSecurityTest" time="0.19">
    <system-out><![CDATA[23:59:20.805 [main] DEBUG org.springframework.test.context.BootstrapUtils - Instantiating CacheAwareContextLoaderDelegate from class [org.springframework.test.context.cache.DefaultCacheAwareContextLoaderDelegate]
23:59:20.808 [main] DEBUG org.springframework.test.context.BootstrapUtils - Instantiating BootstrapContext using constructor [public org.springframework.test.context.support.DefaultBootstrapContext(java.lang.Class,org.springframework.test.context.CacheAwareContextLoaderDelegate)]
23:59:20.822 [main] DEBUG org.springframework.test.context.BootstrapUtils - Instantiating TestContextBootstrapper for test class [com.lsnls.security.ApiAuthSecurityTest] from class [org.springframework.boot.test.autoconfigure.web.servlet.WebMvcTestContextBootstrapper]
23:59:20.831 [main] INFO org.springframework.boot.test.autoconfigure.web.servlet.WebMvcTestContextBootstrapper - Neither @ContextConfiguration nor @ContextHierarchy found for test class [com.lsnls.security.ApiAuthSecurityTest], using SpringBootContextLoader
23:59:20.835 [main] DEBUG org.springframework.test.context.support.AbstractContextLoader - Did not detect default resource location for test class [com.lsnls.security.ApiAuthSecurityTest]: class path resource [com/lsnls/security/ApiAuthSecurityTest-context.xml] does not exist
23:59:20.836 [main] DEBUG org.springframework.test.context.support.AbstractContextLoader - Did not detect default resource location for test class [com.lsnls.security.ApiAuthSecurityTest]: class path resource [com/lsnls/security/ApiAuthSecurityTestContext.groovy] does not exist
23:59:20.837 [main] INFO org.springframework.test.context.support.AbstractContextLoader - Could not detect default resource locations for test class [com.lsnls.security.ApiAuthSecurityTest]: no resource found for suffixes {-context.xml, Context.groovy}.
23:59:20.838 [main] INFO org.springframework.test.context.support.AnnotationConfigContextLoaderUtils - Could not detect default configuration classes for test class [com.lsnls.security.ApiAuthSecurityTest]: ApiAuthSecurityTest does not declare any static, non-private, non-final, nested classes annotated with @Configuration.
23:59:20.911 [main] DEBUG org.springframework.test.context.support.ActiveProfilesUtils - Could not find an 'annotation declaring class' for annotation type [org.springframework.test.context.ActiveProfiles] and class [com.lsnls.security.ApiAuthSecurityTest]
23:59:20.963 [main] DEBUG org.springframework.context.annotation.ClassPathScanningCandidateComponentProvider - Identified candidate component class: file [C:\Users\dabod\Documents\Code\LSNLS\LSNLS\target\classes\com\lsnls\LsnlsApplication.class]
23:59:20.964 [main] INFO org.springframework.boot.test.context.SpringBootTestContextBootstrapper - Found @SpringBootConfiguration com.lsnls.LsnlsApplication for test class com.lsnls.security.ApiAuthSecurityTest
23:59:20.968 [main] DEBUG org.springframework.boot.test.autoconfigure.web.servlet.WebMvcTestContextBootstrapper - @TestExecutionListeners is not present for class [com.lsnls.security.ApiAuthSecurityTest]: using defaults.
23:59:20.969 [main] INFO org.springframework.boot.test.autoconfigure.web.servlet.WebMvcTestContextBootstrapper - Loaded default TestExecutionListener class names from location [META-INF/spring.factories]: [org.springframework.boot.test.mock.mockito.MockitoTestExecutionListener, org.springframework.boot.test.mock.mockito.ResetMocksTestExecutionListener, org.springframework.boot.test.autoconfigure.restdocs.RestDocsTestExecutionListener, org.springframework.boot.test.autoconfigure.web.client.MockRestServiceServerResetTestExecutionListener, org.springframework.boot.test.autoconfigure.web.servlet.MockMvcPrintOnlyOnFailureTestExecutionListener, org.springframework.boot.test.autoconfigure.web.servlet.WebDriverTestExecutionListener, org.springframework.boot.test.autoconfigure.webservices.client.MockWebServiceServerTestExecutionListener, org.springframework.test.context.web.ServletTestExecutionListener, org.springframework.test.context.support.DirtiesContextBeforeModesTestExecutionListener, org.springframework.test.context.event.ApplicationEventsTestExecutionListener, org.springframework.test.context.support.DependencyInjectionTestExecutionListener, org.springframework.test.context.support.DirtiesContextTestExecutionListener, org.springframework.test.context.transaction.TransactionalTestExecutionListener, org.springframework.test.context.jdbc.SqlScriptsTestExecutionListener, org.springframework.test.context.event.EventPublishingTestExecutionListener]
23:59:20.985 [main] INFO org.springframework.boot.test.autoconfigure.web.servlet.WebMvcTestContextBootstrapper - Using TestExecutionListeners: [org.springframework.test.context.web.ServletTestExecutionListener@56afdf9a, org.springframework.test.context.support.DirtiesContextBeforeModesTestExecutionListener@64fe9da7, org.springframework.test.context.event.ApplicationEventsTestExecutionListener@70cccd8f, org.springframework.boot.test.mock.mockito.MockitoTestExecutionListener@5f172d4a, org.springframework.boot.test.autoconfigure.SpringBootDependencyInjectionTestExecutionListener@77ec6a3d, org.springframework.test.context.support.DirtiesContextTestExecutionListener@67efd2c2, org.springframework.test.context.transaction.TransactionalTestExecutionListener@71d9cb05, org.springframework.test.context.jdbc.SqlScriptsTestExecutionListener@17c2d509, org.springframework.test.context.event.EventPublishingTestExecutionListener@36bf84e, org.springframework.boot.test.mock.mockito.ResetMocksTestExecutionListener@1a0b5323, org.springframework.boot.test.autoconfigure.restdocs.RestDocsTestExecutionListener@25b52284, org.springframework.boot.test.autoconfigure.web.client.MockRestServiceServerResetTestExecutionListener@245ec1a6, org.springframework.boot.test.autoconfigure.web.servlet.MockMvcPrintOnlyOnFailureTestExecutionListener@782be4eb, org.springframework.boot.test.autoconfigure.web.servlet.WebDriverTestExecutionListener@38792286, org.springframework.boot.test.autoconfigure.webservices.client.MockWebServiceServerTestExecutionListener@34d4860f]
23:59:20.991 [main] DEBUG org.springframework.test.context.support.AbstractDirtiesContextTestExecutionListener - Before test class: context [DefaultTestContext@49ede9c7 testClass = ApiAuthSecurityTest, testInstance = [null], testMethod = [null], testException = [null], mergedContextConfiguration = [WebMergedContextConfiguration@6ecdbab8 testClass = ApiAuthSecurityTest, locations = '{}', classes = '{class com.lsnls.LsnlsApplication}', contextInitializerClasses = '[]', activeProfiles = '{}', propertySourceLocations = '{}', propertySourceProperties = '{org.springframework.boot.test.autoconfigure.web.servlet.WebMvcTestContextBootstrapper=true}', contextCustomizers = set[[ImportsContextCustomizer@3dd4a6fa key = [org.springframework.boot.autoconfigure.task.TaskExecutionAutoConfiguration, org.springframework.boot.autoconfigure.cache.CacheAutoConfiguration, org.springframework.boot.autoconfigure.web.servlet.HttpEncodingAutoConfiguration, org.springframework.boot.autoconfigure.validation.ValidationAutoConfiguration, org.springframework.boot.autoconfigure.context.MessageSourceAutoConfiguration, org.springframework.boot.autoconfigure.hateoas.HypermediaAutoConfiguration, org.springframework.boot.autoconfigure.data.web.SpringDataWebAutoConfiguration, org.springframework.boot.autoconfigure.jackson.JacksonAutoConfiguration, org.springframework.boot.test.autoconfigure.web.reactive.WebTestClientAutoConfiguration, org.springframework.boot.autoconfigure.web.servlet.error.ErrorMvcAutoConfiguration, org.springframework.boot.test.autoconfigure.web.servlet.MockMvcAutoConfiguration, com.lsnls.config.JwtAuthenticationFilter, org.springframework.boot.autoconfigure.security.servlet.SecurityFilterAutoConfiguration, org.springframework.boot.autoconfigure.http.HttpMessageConvertersAutoConfiguration, org.springframework.boot.autoconfigure.security.oauth2.client.servlet.OAuth2ClientAutoConfiguration, org.springframework.boot.test.autoconfigure.web.servlet.MockMvcSecurityConfiguration, com.lsnls.config.SecurityConfig, org.springframework.boot.test.autoconfigure.web.servlet.MockMvcWebClientAutoConfiguration, org.springframework.boot.test.autoconfigure.web.servlet.MockMvcWebDriverAutoConfiguration, org.springframework.boot.autoconfigure.thymeleaf.ThymeleafAutoConfiguration, org.springframework.boot.autoconfigure.gson.GsonAutoConfiguration, org.springframework.boot.autoconfigure.jsonb.JsonbAutoConfiguration, org.springframework.boot.autoconfigure.freemarker.FreeMarkerAutoConfiguration, org.springframework.boot.autoconfigure.web.servlet.WebMvcAutoConfiguration, org.springframework.boot.autoconfigure.security.oauth2.resource.servlet.OAuth2ResourceServerAutoConfiguration, org.springframework.boot.autoconfigure.groovy.template.GroovyTemplateAutoConfiguration, org.springframework.boot.autoconfigure.mustache.MustacheAutoConfiguration]], org.springframework.boot.test.context.filter.ExcludeFilterContextCustomizer@6bda1d19, org.springframework.boot.test.json.DuplicateJsonObjectContextCustomizerFactory$DuplicateJsonObjectContextCustomizer@cbc8d0f, org.springframework.boot.test.mock.mockito.MockitoContextCustomizer@f80462a8, org.springframework.boot.test.autoconfigure.OverrideAutoConfigurationContextCustomizerFactory$DisableAutoConfigurationContextCustomizer@2bebb74f, org.springframework.boot.test.autoconfigure.actuate.metrics.MetricsExportContextCustomizerFactory$DisableMetricExportContextCustomizer@34f392be, org.springframework.boot.test.autoconfigure.filter.TypeExcludeFiltersContextCustomizer@8b1b002c, org.springframework.boot.test.autoconfigure.properties.PropertyMappingContextCustomizer@ff9a8fa9, org.springframework.boot.test.autoconfigure.web.servlet.WebDriverContextCustomizerFactory$Customizer@131ff6fa, org.springframework.boot.test.context.SpringBootTestArgs@1, org.springframework.boot.test.context.SpringBootTestWebEnvironment@0], resourceBasePath = 'src/main/webapp', contextLoader = 'org.springframework.boot.test.context.SpringBootContextLoader', parent = [null]], attributes = map[[empty]]], class annotated with @DirtiesContext [false] with mode [null].
23:59:21.033 [main] INFO org.springframework.boot.devtools.restart.RestartApplicationListener - Restart disabled due to context in which it is running

  .   ____          _            __ _ _
 /\\ / ___'_ __ _ _(_)_ __  __ _ \ \ \ \
( ( )\___ | '_ | '_| | '_ \/ _` | \ \ \ \
 \\/  ___)| |_)| | | | | || (_| |  ) ) ) )
  '  |____| .__|_| |_|_| |_\__, | / / / /
 =========|_|==============|___/=/_/_/_/
 :: Spring Boot ::               (v2.7.18)

2026-08-24 23:59:21.360  INFO 9668 --- [           main] com.lsnls.security.ApiAuthSecurityTest   : Starting ApiAuthSecurityTest using Java 11.0.26 on DESKTOP-TP4BDOU with PID 9668 (started by dabod in C:\Users\dabod\Documents\Code\LSNLS\LSNLS)
2026-08-24 23:59:21.362  INFO 9668 --- [           main] com.lsnls.security.ApiAuthSecurityTest   : No active profile set, falling back to 1 default profile: "default"
2026-08-24 23:59:24.129  INFO 9668 --- [           main] o.s.s.web.DefaultSecurityFilterChain     : Will secure any request with [org.springframework.security.web.session.DisableEncodeUrlFilter@356f20b7, org.springframework.security.web.context.request.async.WebAsyncManagerIntegrationFilter@6f4adaab, org.springframework.security.web.context.SecurityContextPersistenceFilter@72a33316, org.springframework.security.web.header.HeaderWriterFilter@311d28f5, org.springframework.web.filter.CorsFilter@69de72ec, org.springframework.security.web.authentication.logout.LogoutFilter@4ab9d160, com.lsnls.config.JwtAuthenticationFilter@596afb2f, org.springframework.security.web.savedrequest.RequestCacheAwareFilter@51cca357, org.springframework.security.web.servletapi.SecurityContextHolderAwareRequestFilter@3a9c11fb, org.springframework.security.web.authentication.AnonymousAuthenticationFilter@21c99abf, org.springframework.security.web.session.SessionManagementFilter@20184ade, org.springframework.security.web.access.ExceptionTranslationFilter@69bc4024, org.springframework.security.web.access.intercept.FilterSecurityInterceptor@1b317e7d]
2026-08-24 23:59:24.552  INFO 9668 --- [           main] o.s.b.a.w.s.WelcomePageHandlerMapping    : Adding welcome page: class path resource [static/index.html]
2026-08-24 23:59:24.771  INFO 9668 --- [           main] o.s.b.t.m.w.SpringBootMockServletContext : Initializing Spring TestDispatcherServlet ''
2026-08-24 23:59:24.771  INFO 9668 --- [           main] o.s.t.web.servlet.TestDispatcherServlet  : Initializing Servlet ''
2026-08-24 23:59:24.772  INFO 9668 --- [           main] o.s.t.web.servlet.TestDispatcherServlet  : Completed initialization in 1 ms
2026-08-24 23:59:24.808  INFO 9668 --- [           main] com.lsnls.security.ApiAuthSecurityTest   : Started ApiAuthSecurityTest in 3.784 seconds (JVM running for 5.853)
2026-08-24 23:59:24.847  INFO 9668 --- [           main] c.lsnls.config.JwtAuthenticationFilter   : ?? [JWT FILTER] Entrando en filtro para ruta: POST 
2026-08-24 23:59:24.847  INFO 9668 --- [           main] c.lsnls.config.JwtAuthenticationFilter   : ? [JWT FILTER] Header Authorization recibido: null
2026-08-24 23:59:24.849  INFO 9668 --- [           main] c.lsnls.config.JwtAuthenticationFilter   : ? [JWT FILTER] Todas las cabeceras: [Content-Type, Content-Length]
2026-08-24 23:59:24.982  INFO 9668 --- [           main] com.lsnls.controller.AuthController      : ? Intento de login para usuario: ana
2026-08-24 23:59:24.988  INFO 9668 --- [           main] com.lsnls.controller.AuthController      : ? Login exitoso para usuario: ana
]]></system-out>
  </testcase>
  <testcase name="loginPasswordVacia_devuelve400" classname="com.lsnls.security.ApiAuthSecurityTest" time="0.021">
    <system-out><![CDATA[2026-08-24 23:59:25.010  INFO 9668 --- [           main] c.lsnls.config.JwtAuthenticationFilter   : ?? [JWT FILTER] Entrando en filtro para ruta: POST 
2026-08-24 23:59:25.010  INFO 9668 --- [           main] c.lsnls.config.JwtAuthenticationFilter   : ? [JWT FILTER] Header Authorization recibido: null
2026-08-24 23:59:25.010  INFO 9668 --- [           main] c.lsnls.config.JwtAuthenticationFilter   : ? [JWT FILTER] Todas las cabeceras: [Content-Type, Content-Length]
]]></system-out>
  </testcase>
  <testcase name="meSinToken_devuelve401" classname="com.lsnls.security.ApiAuthSecurityTest" time="0.007">
    <system-out><![CDATA[2026-08-24 23:59:25.034  INFO 9668 --- [           main] c.lsnls.config.JwtAuthenticationFilter   : ?? [JWT FILTER] Entrando en filtro para ruta: GET 
2026-08-24 23:59:25.034  INFO 9668 --- [           main] c.lsnls.config.JwtAuthenticationFilter   : ? [JWT FILTER] Header Authorization recibido: null
2026-08-24 23:59:25.034  INFO 9668 --- [           main] c.lsnls.config.JwtAuthenticationFilter   : ? [JWT FILTER] Todas las cabeceras: []
]]></system-out>
  </testcase>
  <testcase name="registerSinToken_devuelve401" classname="com.lsnls.security.ApiAuthSecurityTest" time="0.01">
    <system-out><![CDATA[2026-08-24 23:59:25.042  INFO 9668 --- [           main] c.lsnls.config.JwtAuthenticationFilter   : ?? [JWT FILTER] Entrando en filtro para ruta: POST 
2026-08-24 23:59:25.042  INFO 9668 --- [           main] c.lsnls.config.JwtAuthenticationFilter   : ? [JWT FILTER] Header Authorization recibido: null
2026-08-24 23:59:25.042  INFO 9668 --- [           main] c.lsnls.config.JwtAuthenticationFilter   : ? [JWT FILTER] Todas las cabeceras: [Content-Type, Content-Length]
]]></system-out>
  </testcase>
</testsuite>