<?xml version="1.0" encoding="UTF-8"?>
<testsuite xmlns:xsi="http://www.w3.org/2001/XMLSchema-instance" xsi:noNamespaceSchemaLocation="https://maven.apache.org/surefire/maven-surefire-plugin/xsd/surefire-test-report-3.0.xsd" version="3.0" name="com.lsnls.security.ApiAuthSecurityTest" time="4.719" tests="4" errors="0" skipped="0" failures="0">
  <properties>
[...]
</properties>
  <testcase name="loginSinToken_llegaAlControlador" classname="com.lsnls.security.ApiAuthSecurityTest" time="0.283">
    <system-out><![CDATA[12:21:17.187 [main] DEBUG org.springframework.test.context.BootstrapUtils - Instantiating CacheAwareContextLoaderDelegate from class [org.springframework.test.context.cache.DefaultCacheAwareContextLoaderDelegate]
12:21:17.192 [main] DEBUG org.springframework.test.context.BootstrapUtils - Instantiating BootstrapContext using constructor [public org.springframework.test.context.support.DefaultBootstrapContext(java.lang.Class,org.springframework.test.context.CacheAwareContextLoaderDelegate)]
12:21:17.212 [main] DEBUG org.springframework.test.context.BootstrapUtils - Instantiating TestContextBootstrapper for test class [com.lsnls.security.ApiAuthSecurityTest] from class [org.springframework.boot.test.autoconfigure.web.servlet.WebMvcTestContextBootstrapper]
12:21:17.225 [main] INFO org.springframework.boot.test.autoconfigure.web.servlet.WebMvcTestContextBootstrapper - Neither @ContextConfiguration nor @ContextHierarchy found for test class [com.lsnls.security.ApiAuthSecurityTest], using SpringBootContextLoader
12:21:17.227 [main] DEBUG org.springframework.test.context.support.AbstractContextLoader - Did not detect default resource location for test class [com.lsnls.security.ApiAuthSecurityTest]: class path resource [com/lsnls/security/ApiAuthSecurityTest-context.xml] does not exist
12:21:17.228 [main] DEBUG org.springframework.test.context.support.AbstractContextLoader - Did not detect default resource location for test class [com.lsnls.security.ApiAuthSecurityTest]: class path resource [com/lsnls/security/ApiAuthSecurityTestContext.groovy] does not exist
12:21:17.228 [main] INFO org.springframework.test.context.support.AbstractContextLoader - Could not detect default resource locations for test class [com.lsnls.security.ApiAuthSecurityTest]: no resource found for suffixes {-context.xml, Context.groovy}.
12:21:17.229 [main] INFO org.springframework.test.context.support.AnnotationConfigContextLoaderUtils - Could not detect default configuration classes for test class [com.lsnls.security.ApiAuthSecurityTest]: ApiAuthSecurityTest does not declare any static, non-private, non-final, nested classes annotated with @Configuration.
12:21:17.322 [main] DEBUG org.springframework.test.context.support.ActiveProfilesUtils - Could not find an 'annotation declaring class' for annotation type [org.springframework.test.context.ActiveProfiles] and class [com.lsnls.security.ApiAuthSecurityTest]
12:21:17.391 [main] DEBUG org.springframework.context.annotation.ClassPathScanningCandidateComponentProvider - Identified candidate component class: file [C:\Users\dabod\OneDrive\Documents\Code\LSNLS\lsnls\target\classes\com\lsnls\LsnlsApplication.class]
12:21:17.392 [main] INFO org.springframework.boot.test.context.SpringBootTestContextBootstrapper - Found @SpringBootConfiguration com.lsnls.LsnlsApplication for test class com.lsnls.security.ApiAuthSecurityTest
12:21:17.396 [main] DEBUG org.springframework.boot.test.autoconfigure.web.servlet.WebMvcTestContextBootstrapper - @TestExecutionListeners is not present for class [com.lsnls.security.ApiAuthSecurityTest]: using defaults.
12:21:17.397 [main] INFO org.springframework.boot.test.autoconfigure.web.servlet.WebMvcTestContextBootstrapper - Loaded default TestExecutionListener class names from location [META-INF/spring.factories]: [org.springframework.boot.test.mock.mockito.MockitoTestExecutionListener, org.springframework.boot.test.mock.mockito.ResetMocksTestExecutionListener, org.springframework.boot.test.autoconfigure.restdocs.RestDocsTestExecutionListener, org.springframework.boot.test.autoconfigure.web.client.MockRestServiceServerResetTestExecutionListener, org.springframework.boot.test.autoconfigure.web.servlet.MockMvcPrintOnlyOnFailureTestExecutionListener, org.springframework.boot.test.autoconfigure.web.servlet.WebDriverTestExecutionListener, org.springframework.boot.test.autoconfigure.webservices.client.MockWebServiceServerTestExecutionListener, org.springframework.test.context.web.ServletTestExecutionListener, org.springframework.test.context.support.DirtiesContextBeforeModesTestExecutionListener, org.springframework.test.context.event.ApplicationEventsTestExecutionListener, org.springframework.test.context.support.DependencyInjectionTestExecutionListener, org.springframework.test.context.support.DirtiesContextTestExecutionListener, org.springframework.test.context.transaction.TransactionalTestExecutionListener, org.springframework.test.context.jdbc.SqlScriptsTestExecutionListener, org.springframework.test.context.event.EventPublishingTestExecutionListener]
12:21:17.421 [main] INFO org.springframework.boot.test.autoconfigure.web.servlet.WebMvcTestContextBootstrapper - Using TestExecutionListeners: [org.springframework.test.context.web.ServletTestExecutionListener@5f16d1ba, org.springframework.test.context.support.DirtiesContextBeforeModesTestExecutionListener@145549ff, org.springframework.test.context.event.ApplicationEventsTestExecutionListener@4e64324b, org.springframework.boot.test.mock.mockito.MockitoTestExecutionListener@64947609, org.springframework.boot.test.autoconfigure.SpringBootDependencyInjectionTestExecutionListener@de6f020, org.springframework.test.context.support.DirtiesContextTestExecutionListener@33425ad2, org.springframework.test.context.transaction.TransactionalTestExecutionListener@5cdbd09b, org.springframework.test.context.jdbc.SqlScriptsTestExecutionListener@1bb8d137, org.springframework.test.context.event.EventPublishingTestExecutionListener@21e55590, org.springframework.boot.test.mock.mockito.ResetMocksTestExecutionListener@d01fb4, org.springframework.boot.test.autoconfigure.restdocs.RestDocsTestExecutionListener@28d483d, org.springframework.boot.test.autoconfigure.web.client.MockRestServiceServerResetTestExecutionListener@5fe11032, org.springframework.boot.test.autoconfigure.web.servlet.MockMvcPrintOnlyOnFailureTestExecutionListener@5423878b, org.springframework.boot.test.autoconfigure.web.servlet.WebDriverTestExecutionListener@548e0f04, org.springframework.boot.test.autoconfigure.webservices.client.MockWebServiceServerTestExecutionListener@3c2a6908]
12:21:17.426 [main] DEBUG org.springframework.test.context.support.AbstractDirtiesContextTestExecutionListener - Before test class: context [DefaultTestContext@5d155b69 testClass = ApiAuthSecurityTest, testInstance = [null], testMethod = [null], testException = [null], mergedContextConfiguration = [WebMergedContextConfiguration@18aad62c testClass = ApiAuthSecurityTest, locations = '{}', classes = '{class com.lsnls.LsnlsApplication}', contextInitializerClasses = '[]', activeProfiles = '{}', propertySourceLocations = '{}', propertySourceProperties = '{org.springframework.boot.test.autoconfigure.web.servlet.WebMvcTestContextBootstrapper=true}', contextCustomizers = set[[ImportsContextCustomizer@4a080b8a key = [org.springframework.boot.autoconfigure.task.TaskExecutionAutoConfiguration, org.springframework.boot.autoconfigure.cache.CacheAutoConfiguration, org.springframework.boot.autoconfigure.web.servlet.HttpEncodingAutoConfiguration, org.springframework.boot.autoconfigure.validation.ValidationAutoConfiguration, org.springframework.boot.autoconfigure.context.MessageSourceAutoConfiguration, org.springframework.boot.autoconfigure.hateoas.HypermediaAutoConfiguration, org.springframework.boot.autoconfigure.data.web.SpringDataWebAutoConfiguration, org.springframework.boot.autoconfigure.jackson.JacksonAutoConfiguration, org.springframework.boot.test.autoconfigure.web.reactive.WebTestClientAutoConfiguration, org.springframework.boot.autoconfigure.web.servlet.error.ErrorMvcAutoConfiguration, org.springframework.boot.test.autoconfigure.web.servlet.MockMvcAutoConfiguration, com.lsnls.config.JwtAuthenticationFilter, org.springframework.boot.autoconfigure.security.servlet.SecurityFilterAutoConfiguration, org.springframework.boot.autoconfigure.http.HttpMessageConvertersAutoConfiguration, org.springframework.boot.autoconfigure.security.oauth2.client.servlet.OAuth2ClientAutoConfiguration, org.springframework.boot.test.autoconfigure.web.servlet.MockMvcSecurityConfiguration, com.lsnls.config.SecurityConfig, org.springframework.boot.test.autoconfigure.web.servlet.MockMvcWebClientAutoConfiguration, org.springframework.boot.test.autoconfigure.web.servlet.MockMvcWebDriverAutoConfiguration, org.springframework.boot.autoconfigure.thymeleaf.ThymeleafAutoConfiguration, org.springframework.boot.autoconfigure.gson.GsonAutoConfiguration, org.springframework.boot.autoconfigure.jsonb.JsonbAutoConfiguration, org.springframework.boot.autoconfigure.freemarker.FreeMarkerAutoConfiguration, org.springframework.boot.autoconfigure.web.servlet.WebMvcAutoConfiguration, org.springframework.boot.autoconfigure.security.oauth2.resource.servlet.OAuth2ResourceServerAutoConfiguration, org.springframework.boot.autoconfigure.groovy.template.GroovyTemplateAutoConfiguration, org.springframework.boot.autoconfigure.mustache.MustacheAutoConfiguration]], org.springframework.boot.test.context.filter.ExcludeFilterContextCustomizer@4797fa5f, org.springframework.boot.test.json.DuplicateJsonObjectContextCustomizerFactory$DuplicateJsonObjectContextCustomizer@18d5372, org.springframework.boot.test.mock.mockito.MockitoContextCustomizer@d282e160, org.springframework.boot.test.autoconfigure.OverrideAutoConfigurationContextCustomizerFactory$DisableAutoConfigurationContextCustomizer@1f7d0816, org.springframework.boot.test.autoconfigure.actuate.metrics.MetricsExportContextCustomizerFactory$DisableMetricExportContextCustomizer@3e65044c, org.springframework.boot.test.autoconfigure.filter.TypeExcludeFiltersContextCustomizer@762b25a4, org.springframework.boot.test.autoconfigure.properties.PropertyMappingContextCustomizer@da822234, org.springframework.boot.test.autoconfigure.web.servlet.WebDriverContextCustomizerFactory$Customizer@36e23858, org.springframework.boot.test.context.SpringBootTestArgs@1, org.springframework.boot.test.context.SpringBootTestWebEnvironment@0], resourceBasePath = 'src/main/webapp', contextLoader = 'org.springframework.boot.test.context.SpringBootContextLoader', parent = [null]], attributes = map[[empty]]], class annotated with @DirtiesContext [false] with mode [null].
12:21:17.491 [main] INFO org.springframework.boot.devtools.restart.RestartApplicationListener - Restart disabled due to context in which it is running

  .   ____          _            __ _ _
 /\\ / ___'_ __ _ _(_)_ __  __ _ \ \ \ \
( ( )\___ | '_ | '_| | '_ \/ _` | \ \ \ \
 \\/  ___)| |_)| | | | | || (_| |  ) ) ) )
  '  |____| .__|_| |_|_| |_\__, | / / / /
 =========|_|==============|___/=/_/_/_/
 :: Spring Boot ::               (v2.7.18)

2026-09-18 12:21:17.941  INFO 4408 --- [           main] com.lsnls.security.ApiAuthSecurityTest   : Starting ApiAuthSecurityTest using Java 11.0.0.2 on DESKTOP-NNKSOCM with PID 4408 (started by dabod in C:\Users\dabod\OneDrive\Documents\Code\LSNLS\lsnls)
2026-09-18 12:21:17.942  INFO 4408 --- [           main] com.lsnls.security.ApiAuthSecurityTest   : No active profile set, falling back to 1 default profile: "default"
2026-09-18 12:21:20.154  INFO 4408 --- [           main] o.s.s.web.DefaultSecurityFilterChain     : Will secure any request with [org.springframework.security.web.session.DisableEncodeUrlFilter@a7eac95, org.springframework.security.web.context.request.async.WebAsyncManagerIntegrationFilter@359a4b8a, org.springframework.security.web.context.SecurityContextPersistenceFilter@7c932186, org.springframework.security.web.header.HeaderWriterFilter@147dad0c, org.springframework.web.filter.CorsFilter@fff262d, org.springframework.security.web.authentication.logout.LogoutFilter@79b4a82f, com.lsnls.config.JwtAuthenticationFilter@98afda, org.springframework.security.web.savedrequest.RequestCacheAwareFilter@d276858, org.springframework.security.web.servletapi.SecurityContextHolderAwareRequestFilter@685de76b, org.springframework.security.web.authentication.AnonymousAuthenticationFilter@438c35e9, org.springframework.security.web.session.SessionManagementFilter@20fa23fd, org.springframework.security.web.access.ExceptionTranslationFilter@51c974b4, org.springframework.security.web.access.intercept.FilterSecurityInterceptor@7c0ef1da]
2026-09-18 12:21:21.030  INFO 4408 --- [           main] o.s.b.a.w.s.WelcomePageHandlerMapping    : Adding welcome page: class path resource [static/index.html]
2026-09-18 12:21:21.488  INFO 4408 --- [           main] o.s.b.t.m.w.SpringBootMockServletContext : Initializing Spring TestDispatcherServlet ''
2026-09-18 12:21:21.488  INFO 4408 --- [           main] o.s.t.web.servlet.TestDispatcherServlet  : Initializing Servlet ''
2026-09-18 12:21:21.489  INFO 4408 --- [           main] o.s.t.web.servlet.TestDispatcherServlet  : Completed initialization in 1 ms
2026-09-18 12:21:21.540  INFO 4408 --- [           main] com.lsnls.security.ApiAuthSecurityTest   : Started ApiAuthSecurityTest in 4.058 seconds (JVM running for 15.513)
2026-09-18 12:21:21.587  INFO 4408 --- [           main] c.lsnls.config.JwtAuthenticationFilter   : ?? [JWT FILTER] Entrando en filtro para ruta: POST 
2026-09-18 12:21:21.587  INFO 4408 --- [           main] c.lsnls.config.JwtAuthenticationFilter   : ? [JWT FILTER] Header Authorization recibido: null
2026-09-18 12:21:21.588  INFO 4408 --- [           main] c.lsnls.config.JwtAuthenticationFilter   : ? [JWT FILTER] Todas las cabeceras: [Content-Type, Content-Length]
2026-09-18 12:21:21.820  INFO 4408 --- [           main] com.lsnls.controller.AuthController      : ? Intento de login para usuario: ana
2026-09-18 12:21:21.820  INFO 4408 --- [           main] com.lsnls.controller.AuthController      : ? Login exitoso para usuario: ana
]]></system-out>
  </testcase>
  <testcase name="loginPasswordVacia_devuelve400" classname="com.lsnls.security.ApiAuthSecurityTest" time="0.029">
    <system-out><![CDATA[2026-09-18 12:21:21.844  INFO 4408 --- [           main] c.lsnls.config.JwtAuthenticationFilter   : ?? [JWT FILTER] Entrando en filtro para ruta: POST 
2026-09-18 12:21:21.844  INFO 4408 --- [           main] c.lsnls.config.JwtAuthenticationFilter   : ? [JWT FILTER] Header Authorization recibido: null
2026-09-18 12:21:21.844  INFO 4408 --- [           main] c.lsnls.config.JwtAuthenticationFilter   : ? [JWT FILTER] Todas las cabeceras: [Content-Type, Content-Length]
]]></system-out>
  </testcase>
  <testcase name="meSinToken_devuelve401" classname="com.lsnls.security.ApiAuthSecurityTest" time="0.006">
    <system-out><![CDATA[2026-09-18 12:21:21.875  INFO 4408 --- [           main] c.lsnls.config.JwtAuthenticationFilter   : ?? [JWT FILTER] Entrando en filtro para ruta: GET 
2026-09-18 12:21:21.875  INFO 4408 --- [           main] c.lsnls.config.JwtAuthenticationFilter   : ? [JWT FILTER] Header Authorization recibido: null
2026-09-18 12:21:21.875  INFO 4408 --- [           main] c.lsnls.config.JwtAuthenticationFilter   : ? [JWT FILTER] Todas las cabeceras: []
]]></system-out>
  </testcase>
  <testcase name="registerSinToken_devuelve401" classname="com.lsnls.security.ApiAuthSecurityTest" time="0.014">
    <system-out><![CDATA[2026-09-18 12:21:21.883  INFO 4408 --- [           main] c.lsnls.config.JwtAuthenticationFilter   : ?? [JWT FILTER] Entrando en filtro para ruta: POST 
2026-09-18 12:21:21.883  INFO 4408 --- [           main] c.lsnls.config.JwtAuthenticationFilter   : ? [JWT FILTER] Header Authorization recibido: null
2026-09-18 12:21:21.883  INFO 4408 --- [           main] c.lsnls.config.JwtAuthenticationFilter   : ? [JWT FILTER] Todas las cabeceras: [Content-Type, Content-Length]
]]></system-out>
  </testcase>
</testsuite>